        -:    0:Source:src/compiler.c
        -:    1:#include <compiler.h>
        -:    2:#include <stdlib.h>
        -:    3:#include <string.h>
        -:    4:
        -:    5:typedef struct {
        -:    6:    unsigned char* code;
        -:    7:    int cap;
        -:    8:    int len;
        -:    9:    Value** constants;
        -:   10:    int c_cap;
        -:   11:    int c_len;
        -:   12:} ProtoBuilder;
        -:   13:
       40:   14:static void pb_init(ProtoBuilder* pb) {
       40:   15:    pb->cap = 64;
       40:   16:    pb->code = malloc(pb->cap);
       40:   17:    pb->len = 0;
       40:   18:    pb->c_cap = 16;
       40:   19:    pb->constants = malloc(sizeof(Value*) * pb->c_cap);
       40:   20:    pb->c_len = 0;
       40:   21:}
        -:   22:
      425:   23:static void pb_emit(ProtoBuilder* pb, unsigned char b) {
      425:   24:    if (pb->len == pb->cap) {
    #####:   25:        pb->cap *= 2;
    #####:   26:        pb->code = realloc(pb->code, pb->cap);
        -:   27:    }
      425:   28:    pb->code[pb->len++] = b;
      425:   29:}
        -:   30:
      109:   31:static void pb_emit2(ProtoBuilder* pb, int v) {
      109:   32:    pb_emit(pb, (v >> 8) & 0xFF);
      109:   33:    pb_emit(pb, v & 0xFF);
      109:   34:}
        -:   35:
       96:   36:static int pb_add_constant(ProtoBuilder* pb, Value* v) {
      192:   37:    for (int i = 0; i < pb->c_len; i++) {
      96*:   38:        if (pb->constants[i] == v) return i;
        -:   39:    }
       96:   40:    if (pb->c_len == pb->c_cap) {
    #####:   41:        pb->c_cap *= 2;
    #####:   42:        pb->constants = realloc(pb->constants, sizeof(Value*) * pb->c_cap);
        -:   43:    }
       96:   44:    pb->constants[pb->c_len++] = v;
       96:   45:    return pb->c_len - 1;
        -:   46:}
        -:   47:
       38:   48:static bool lookup_lexical(Value* env, Value* sym, int* depth, int* index) {
       38:   49:    int d = 0;
       41:   50:    while (is_pair(env)) {
        9:   51:        Value* frame = env->as.pair.car;
        9:   52:        int i = 0;
       12:   53:        while (is_pair(frame)) {
        9:   54:            if (frame->as.pair.car == sym) {
        6:   55:                *depth = d;
        6:   56:                *index = i;
        6:   57:                return true;
        -:   58:            }
        3:   59:            frame = frame->as.pair.cdr;
        3:   60:            i++;
        -:   61:        }
        3:   62:        env = env->as.pair.cdr;
        3:   63:        d++;
        -:   64:    }
       32:   65:    return false;
        -:   66:}
        -:   67:
        -:   68:static void compile_expr(ProtoBuilder* pb, Value* expr, Value* env, bool tail);
        -:   69:
      133:   70:static void compile_expr(ProtoBuilder* pb, Value* expr, Value* env, bool tail) {
      133:   71:    if (is_fixnum(expr) || is_boolean(expr) || is_nil(expr) || is_char(expr) || is_string(expr) || is_vector(expr)) {
       51:   72:        int idx = pb_add_constant(pb, expr);
       51:   73:        pb_emit(pb, OP_CONST);
       51:   74:        pb_emit2(pb, idx);
       51:   75:        if (tail) pb_emit(pb, OP_RET);
       51:   76:        return;
        -:   77:    }
        -:   78:    
       82:   79:    if (is_symbol(expr)) {
        -:   80:        int d, i;
       37:   81:        if (lookup_lexical(env, expr, &d, &i)) {
        5:   82:            pb_emit(pb, OP_LREF);
        5:   83:            pb_emit(pb, (unsigned char)d);
        5:   84:            pb_emit2(pb, i);
        -:   85:        } else {
       32:   86:            int idx = pb_add_constant(pb, expr);
       32:   87:            pb_emit(pb, OP_GREF);
       32:   88:            pb_emit2(pb, idx);
        -:   89:        }
       37:   90:        if (tail) pb_emit(pb, OP_RET);
       37:   91:        return;
        -:   92:    }
        -:   93:
       45:   94:    if (is_pair(expr)) {
       45:   95:        Value* car = expr->as.pair.car;
       45:   96:        if (is_symbol(car)) {
       44:   97:            const char* name = car->as.symbol;
       44:   98:            if (strcmp(name, "quote") == 0) {
        1:   99:                Value* datum = expr->as.pair.cdr->as.pair.car;
        1:  100:                int idx = pb_add_constant(pb, datum);
        1:  101:                pb_emit(pb, OP_CONST);
        1:  102:                pb_emit2(pb, idx);
       1*:  103:                if (tail) pb_emit(pb, OP_RET);
        1:  104:                return;
        -:  105:            }
       43:  106:            if (strcmp(name, "if") == 0) {
        4:  107:                Value* test = expr->as.pair.cdr->as.pair.car;
        4:  108:                Value* then_part = expr->as.pair.cdr->as.pair.cdr->as.pair.car;
        4:  109:                Value* else_part = expr->as.pair.cdr->as.pair.cdr->as.pair.cdr->as.pair.car;
        -:  110:
        4:  111:                compile_expr(pb, test, env, false);
        4:  112:                pb_emit(pb, OP_JF);
        4:  113:                int jf_pos = pb->len;
        4:  114:                pb_emit2(pb, 0); 
        -:  115:                
        4:  116:                compile_expr(pb, then_part, env, tail);
        4:  117:                int jump_pos = -1;
        4:  118:                if (!tail) {
        3:  119:                    pb_emit(pb, OP_JUMP);
        3:  120:                    jump_pos = pb->len;
        3:  121:                    pb_emit2(pb, 0);
        -:  122:                }
        -:  123:                
        4:  124:                int else_start = pb->len;
        4:  125:                pb->code[jf_pos] = (else_start - jf_pos - 2) >> 8;
        4:  126:                pb->code[jf_pos + 1] = (else_start - jf_pos - 2) & 0xFF;
        -:  127:                
        4:  128:                compile_expr(pb, else_part, env, tail);
        4:  129:                if (!tail) {
        3:  130:                    int end_pos = pb->len;
        3:  131:                    pb->code[jump_pos] = (end_pos - jump_pos - 2) >> 8;
        3:  132:                    pb->code[jump_pos + 1] = (end_pos - jump_pos - 2) & 0xFF;
        -:  133:                }
        4:  134:                return;
        -:  135:            }
       39:  136:            if (strcmp(name, "define") == 0) {
        7:  137:                Value* sym = expr->as.pair.cdr->as.pair.car;
        7:  138:                Value* body = expr->as.pair.cdr->as.pair.cdr->as.pair.car;
        7:  139:                compile_expr(pb, body, env, false);
        7:  140:                int idx = pb_add_constant(pb, sym);
        7:  141:                pb_emit(pb, OP_DEF);
        7:  142:                pb_emit2(pb, idx);
        7:  143:                if (tail) {
    #####:  144:                    pb_emit(pb, OP_RET);
        -:  145:                }
        7:  146:                return;
        -:  147:            }
       32:  148:            if (strcmp(name, "set!") == 0) {
        1:  149:                Value* sym = expr->as.pair.cdr->as.pair.car;
        1:  150:                Value* body = expr->as.pair.cdr->as.pair.cdr->as.pair.car;
        1:  151:                compile_expr(pb, body, env, false);
        -:  152:                int d, i;
        1:  153:                if (lookup_lexical(env, sym, &d, &i)) {
        1:  154:                    pb_emit(pb, OP_LSET);
        1:  155:                    pb_emit(pb, (unsigned char)d);
        1:  156:                    pb_emit2(pb, i);
        -:  157:                } else {
    #####:  158:                    int idx = pb_add_constant(pb, sym);
    #####:  159:                    pb_emit(pb, OP_GSET);
    #####:  160:                    pb_emit2(pb, idx);
        -:  161:                }
        1:  162:                if (tail) pb_emit(pb, OP_RET);
        1:  163:                return;
        -:  164:            }
       31:  165:            if (strcmp(name, "begin") == 0) {
    #####:  166:                Value* exprs = expr->as.pair.cdr;
    #####:  167:                if (is_nil(exprs)) {
        -:  168:                    // Empty begin returns unspecified, let's say NIL
    #####:  169:                    pb_emit(pb, OP_CONST);
    #####:  170:                    pb_emit2(pb, pb_add_constant(pb, make_nil()));
    #####:  171:                    if (tail) pb_emit(pb, OP_RET);
    #####:  172:                    return;
        -:  173:                }
    #####:  174:                while (is_pair(exprs)) {
    #####:  175:                    Value* e = exprs->as.pair.car;
    #####:  176:                    exprs = exprs->as.pair.cdr;
    #####:  177:                    if (is_nil(exprs)) {
        -:  178:                        // Last expression
    #####:  179:                        compile_expr(pb, e, env, tail);
        -:  180:                    } else {
        -:  181:                        // Not last, ignore result
    #####:  182:                        compile_expr(pb, e, env, false);
    #####:  183:                        pb_emit(pb, OP_POP);
        -:  184:                    }
        -:  185:                }
    #####:  186:                return;
        -:  187:            }
       31:  188:            if (strcmp(name, "lambda") == 0) {
        5:  189:                Value* params = expr->as.pair.cdr->as.pair.car;
        5:  190:                Value* body = expr->as.pair.cdr->as.pair.cdr->as.pair.car;
        -:  191:                
        5:  192:                int num_args = 0;
        5:  193:                Value* p = params;
       10:  194:                while (is_pair(p)) {
        5:  195:                    num_args++;
        5:  196:                    p = p->as.pair.cdr;
        -:  197:                }
        -:  198:                
        5:  199:                Value* new_env = make_pair(params, env);
        5:  200:                Value* proto = compile(body, new_env, num_args);
        -:  201:                
        5:  202:                int idx = pb_add_constant(pb, proto);
        5:  203:                pb_emit(pb, OP_CLOSURE);
        5:  204:                pb_emit2(pb, idx);
       5*:  205:                if (tail) pb_emit(pb, OP_RET);
        5:  206:                return;
        -:  207:            }
       26:  208:            if (strcmp(name, "call/cc") == 0 || strcmp(name, "call-with-current-continuation") == 0) {
        1:  209:                Value* receiver = expr->as.pair.cdr->as.pair.car;
        1:  210:                compile_expr(pb, receiver, env, false);
        1:  211:                pb_emit(pb, OP_CALLCC);
       1*:  212:                if (tail) pb_emit(pb, OP_RET);
        1:  213:                return;
        -:  214:            }
        -:  215:        }
        -:  216:        
        -:  217:        // Procedure call
       26:  218:        Value* args = expr->as.pair.cdr;
       26:  219:        int nargs = 0;
       72:  220:        while (is_pair(args)) {
       46:  221:            compile_expr(pb, args->as.pair.car, env, false);
       46:  222:            args = args->as.pair.cdr;
       46:  223:            nargs++;
        -:  224:        }
       26:  225:        compile_expr(pb, car, env, false);
       26:  226:        pb_emit(pb, tail ? OP_TCALL : OP_CALL);
       26:  227:        pb_emit(pb, (unsigned char)nargs);
       26:  228:        return;
        -:  229:    }
        -:  230:}
        -:  231:
       40:  232:Value* compile(Value* expr, Value* env, int num_args) {
        -:  233:    ProtoBuilder pb;
       40:  234:    pb_init(&pb);
       40:  235:    bool is_lambda = (num_args >= 0);
       40:  236:    compile_expr(&pb, expr, env, is_lambda);
       40:  237:    if (!is_lambda) pb_emit(&pb, OP_HALT);
        -:  238:    
       40:  239:    unsigned char* code = malloc(pb.len);
       40:  240:    memcpy(code, pb.code, pb.len);
       40:  241:    Value** constants = malloc(sizeof(Value*) * pb.c_len);
       40:  242:    memcpy(constants, pb.constants, sizeof(Value*) * pb.c_len);
        -:  243:    
       40:  244:    Value* proto = make_proto(code, pb.len, constants, pb.c_len, (is_lambda ? num_args : 0));
       40:  245:    free(pb.code);
       40:  246:    free(pb.constants);
       40:  247:    return proto;
        -:  248:}
