        -:    0:Source:src/gc.c
        -:    1:#include <scheme.h>
        -:    2:#include <stdlib.h>
        -:    3:#include <stdio.h>
        -:    4:
        -:    5:#define MAX_ROOTS 1024
        -:    6:
        -:    7:static Value* all_objects = NULL;
        -:    8:static Value** roots[MAX_ROOTS];
        -:    9:static int roots_count = 0;
        -:   10:
       33:   11:void gc_init(void) {
       33:   12:    all_objects = NULL;
       33:   13:    roots_count = 0;
       33:   14:}
        -:   15:
    11041:   16:Value* gc_alloc(ValueType type) {
    11041:   17:    Value* v = malloc(sizeof(Value));
    11041:   18:    if (!v) {
    #####:   19:        perror("malloc failed");
    #####:   20:        exit(1);
        -:   21:    }
    11041:   22:    v->type = type;
    11041:   23:    v->marked = false;
    11041:   24:    v->next = all_objects;
    11041:   25:    all_objects = v;
    11041:   26:    return v;
        -:   27:}
        -:   28:
       17:   29:void gc_add_root(Value** root) {
       17:   30:    if (roots_count < MAX_ROOTS) {
       17:   31:        roots[roots_count++] = root;
        -:   32:    }
       17:   33:}
        -:   34:
    #####:   35:int gc_get_object_count(void) {
    #####:   36:    int count = 0;
    #####:   37:    Value* v = all_objects;
    #####:   38:    while (v) {
    #####:   39:        count++;
    #####:   40:        v = v->next;
        -:   41:    }
    #####:   42:    return count;
        -:   43:}
        -:   44:
        5:   45:static void mark_object(Value* v) {
       5*:   46:    if (!v || v->marked) return;
        5:   47:    v->marked = true;
        5:   48:    if (v->type == VAL_PAIR) {
        1:   49:        mark_object(v->as.pair.car);
        1:   50:        mark_object(v->as.pair.cdr);
        4:   51:    } else if (v->type == VAL_PROTOTYPE) {
    #####:   52:        for (int i = 0; i < v->as.proto.num_constants; i++) {
    #####:   53:            mark_object(v->as.proto.constants[i]);
        -:   54:        }
        4:   55:    } else if (v->type == VAL_CLOSURE) {
    #####:   56:        mark_object(v->as.closure.proto);
    #####:   57:        mark_object(v->as.closure.env);
        4:   58:    } else if (v->type == VAL_CONTINUATION) {
    #####:   59:        for (int i = 0; i < v->as.cont.sp; i++) {
    #####:   60:            mark_object(v->as.cont.stack[i]);
        -:   61:        }
    #####:   62:        mark_object(v->as.cont.env);
    #####:   63:        mark_object(v->as.cont.proto);
        4:   64:    } else if (v->type == VAL_VECTOR) {
    #####:   65:        for (int i = 0; i < v->as.vector.len; i++) {
    #####:   66:            mark_object(v->as.vector.elements[i]);
        -:   67:        }
        -:   68:    }
        -:   69:}
        -:   70:
        3:   71:static void sweep(void) {
        3:   72:    Value** p = &all_objects;
        9:   73:    while (*p) {
        6:   74:        if (!(*p)->marked) {
        1:   75:            Value* unreached = *p;
        1:   76:            *p = unreached->next;
        -:   77:            
        1:   78:            if (unreached->type == VAL_SYMBOL) {
    #####:   79:                free((void*)unreached->as.symbol);
        1:   80:            } else if (unreached->type == VAL_PROTOTYPE) {
    #####:   81:                free(unreached->as.proto.code);
    #####:   82:                free(unreached->as.proto.constants);
        1:   83:            } else if (unreached->type == VAL_CONTINUATION) {
    #####:   84:                free(unreached->as.cont.stack);
        1:   85:            } else if (unreached->type == VAL_STRING) {
    #####:   86:                free(unreached->as.string.str);
        1:   87:            } else if (unreached->type == VAL_VECTOR) {
    #####:   88:                free(unreached->as.vector.elements);
        -:   89:            }
        1:   90:            free(unreached);
        -:   91:        } else {
        5:   92:            (*p)->marked = false;
        5:   93:            p = &((*p)->next);
        -:   94:        }
        -:   95:    }
        3:   96:}
        -:   97:
        3:   98:void gc_collect(void) {
        6:   99:    for (int i = 0; i < roots_count; i++) {
        3:  100:        mark_object(*roots[i]);
        -:  101:    }
        3:  102:    sweep();
        3:  103:}
