        -:    0:Source:src/main.c
        -:    1:#include <scheme.h>
        -:    2:#include <reader.h>
        -:    3:#include <compiler.h>
        -:    4:#include <vm.h>
        -:    5:#include <stdio.h>
        -:    6:#include <stdlib.h>
        -:    7:#include <string.h>
        -:    8:
        -:    9:#define COLOR_RESET  "\x1b[0m"
        -:   10:#define COLOR_BOLD   "\x1b[1m"
        -:   11:#define COLOR_CYAN   "\x1b[36m"
        -:   12:#define COLOR_GREEN  "\x1b[32m"
        -:   13:#define COLOR_RED    "\x1b[31m"
        -:   14:
    #####:   15:static void welcome(void) {
    #####:   16:    printf(COLOR_BOLD COLOR_CYAN "Welcome to R5RS Scheme VM\n" COLOR_RESET);
    #####:   17:    printf("Type expressions at the prompt. Press Ctrl+D to exit.\n\n");
    #####:   18:}
        -:   19:
    #####:   20:static void repl(VM* vm) {
        -:   21:    char line[1024];
    #####:   22:    welcome();
    #####:   23:    while (1) {
    #####:   24:        printf(COLOR_BOLD COLOR_GREEN "scheme> " COLOR_RESET);
    #####:   25:        if (!fgets(line, sizeof(line), stdin)) break;
        -:   26:        
    #####:   27:        const char* p = line;
    #####:   28:        Value* expr = read_sexpr_str(&p);
    #####:   29:        if (!expr) continue;
        -:   30:        
    #####:   31:        Value* proto = compile(expr, make_nil(), -1);
    #####:   32:        Value* result = vm_run(vm, proto);
        -:   33:        
    #####:   34:        printf(COLOR_CYAN);
    #####:   35:        print_value(result);
    #####:   36:        printf(COLOR_RESET "\n");
        -:   37:        
    #####:   38:        gc_collect();
        -:   39:        // printf("[GC: %d objects]\n", gc_get_object_count());
        -:   40:    }
    #####:   41:    printf("\nGoodbye!\n");
    #####:   42:}
        -:   43:
    #####:   44:static void load_file(VM* vm, const char* filename) {
    #####:   45:    FILE* f = fopen(filename, "r");
    #####:   46:    if (!f) {
    #####:   47:        perror("fopen");
    #####:   48:        exit(1);
        -:   49:    }
        -:   50:    
    #####:   51:    fseek(f, 0, SEEK_END);
    #####:   52:    long size = ftell(f);
    #####:   53:    fseek(f, 0, SEEK_SET);
        -:   54:    
    #####:   55:    char* content = malloc(size + 1);
    #####:   56:    fread(content, 1, size, f);
    #####:   57:    content[size] = '\0';
    #####:   58:    fclose(f);
        -:   59:    
    #####:   60:    const char* p = content;
    #####:   61:    while (*p) {
    #####:   62:        Value* expr = read_sexpr_str(&p);
    #####:   63:        if (!expr) break;
    #####:   64:        Value* proto = compile(expr, make_nil(), -1);
    #####:   65:        Value* result = vm_run(vm, proto);
    #####:   66:        print_value(result);
    #####:   67:        printf("\n");
    #####:   68:        gc_collect();
        -:   69:        // printf("[GC: %d objects]\n", gc_get_object_count());
        -:   70:    }
    #####:   71:    free(content);
    #####:   72:}
        -:   73:
    #####:   74:int main(int argc, char** argv) {
    #####:   75:    gc_init();
        -:   76:    VM vm;
    #####:   77:    vm_init(&vm);
    #####:   78:    vm_register_primitives(&vm);
        -:   79:    
    #####:   80:    if (argc > 1) {
    #####:   81:        for (int i = 1; i < argc; i++) {
    #####:   82:            load_file(&vm, argv[i]);
        -:   83:        }
        -:   84:    } else {
    #####:   85:        repl(&vm);
        -:   86:    }
        -:   87:    
    #####:   88:    return 0;
        -:   89:}
