        -:    0:Source:src/primitives.c
        -:    1:#include <scheme.h>
        -:    2:#include <vm.h>
        -:    3:#include <stdlib.h>
        -:    4:#include <string.h>
        -:    5:
    #####:    6:static Value* prim_add(int nargs, Value** args) {
    #####:    7:    long sum = 0;
    #####:    8:    for (int i = 0; i < nargs; i++) {
    #####:    9:        sum += args[i]->as.fixnum;
        -:   10:    }
    #####:   11:    return make_fixnum(sum);
        -:   12:}
        -:   13:
     1000:   14:static Value* prim_sub(int nargs, Value** args) {
    1000*:   15:    if (nargs == 0) return make_fixnum(0);
     1000:   16:    long res = args[0]->as.fixnum;
    1000*:   17:    if (nargs == 1) return make_fixnum(-res);
     2000:   18:    for (int i = 1; i < nargs; i++) {
     1000:   19:        res -= args[i]->as.fixnum;
        -:   20:    }
     1000:   21:    return make_fixnum(res);
        -:   22:}
        -:   23:
        1:   24:static Value* prim_mul(int nargs, Value** args) {
        1:   25:    long prod = 1;
        4:   26:    for (int i = 0; i < nargs; i++) {
        3:   27:        prod *= args[i]->as.fixnum;
        -:   28:    }
        1:   29:    return make_fixnum(prod);
        -:   30:}
        -:   31:
        2:   32:static Value* prim_num_eq(int nargs, Value** args) {
       2*:   33:    if (nargs < 2) return make_boolean(true);
        2:   34:    long first = args[0]->as.fixnum;
        3:   35:    for (int i = 1; i < nargs; i++) {
        2:   36:        if (args[i]->as.fixnum != first) return make_boolean(false);
        -:   37:    }
        1:   38:    return make_boolean(true);
        -:   39:}
        -:   40:
     1001:   41:static Value* prim_zero_p(int nargs, Value** args) {
    1001*:   42:    if (nargs != 1) return make_boolean(false);
     1001:   43:    return make_boolean(args[0]->as.fixnum == 0);
        -:   44:}
        -:   45:
        2:   46:void vm_register_primitives(VM* vm) {
        2:   47:    set_global(vm, make_symbol("+"), make_primitive(prim_add));
        2:   48:    set_global(vm, make_symbol("-"), make_primitive(prim_sub));
        2:   49:    set_global(vm, make_symbol("*"), make_primitive(prim_mul));
        2:   50:    set_global(vm, make_symbol("="), make_primitive(prim_num_eq));
        2:   51:    set_global(vm, make_symbol("zero?"), make_primitive(prim_zero_p));
        2:   52:}
