        -:    0:Source:src/primitives.c
        -:    1:#include <scheme.h>
        -:    2:#include <vm.h>
        -:    3:#include <stdlib.h>
        -:    4:#include <string.h>
        -:    5:#include <stdio.h>
        -:    6:
    #####:    7:static Value* prim_add(VM* vm, int nargs, Value** args) {
        -:    8:    (void)vm;
    #####:    9:    long sum = 0;
    #####:   10:    for (int i = 0; i < nargs; i++) sum += args[i]->as.fixnum;
    #####:   11:    return make_fixnum(sum);
        -:   12:}
        -:   13:
     1000:   14:static Value* prim_sub(VM* vm, int nargs, Value** args) {
        -:   15:    (void)vm;
    1000*:   16:    if (nargs == 0) return make_fixnum(0);
     1000:   17:    long res = args[0]->as.fixnum;
    1000*:   18:    if (nargs == 1) return make_fixnum(-res);
     2000:   19:    for (int i = 1; i < nargs; i++) res -= args[i]->as.fixnum;
     1000:   20:    return make_fixnum(res);
        -:   21:}
        -:   22:
        1:   23:static Value* prim_mul(VM* vm, int nargs, Value** args) {
        -:   24:    (void)vm;
        1:   25:    long prod = 1;
        4:   26:    for (int i = 0; i < nargs; i++) prod *= args[i]->as.fixnum;
        1:   27:    return make_fixnum(prod);
        -:   28:}
        -:   29:
        2:   30:static Value* prim_num_eq(VM* vm, int nargs, Value** args) {
        -:   31:    (void)vm;
       2*:   32:    if (nargs < 2) return make_boolean(true);
        2:   33:    long first = args[0]->as.fixnum;
        3:   34:    for (int i = 1; i < nargs; i++) if (args[i]->as.fixnum != first) return make_boolean(false);
        1:   35:    return make_boolean(true);
        -:   36:}
        -:   37:
     1001:   38:static Value* prim_zero_p(VM* vm, int nargs, Value** args) {
        -:   39:    (void)vm;
     1001:   40:    return make_boolean(nargs == 1 && args[0]->as.fixnum == 0);
        -:   41:}
        -:   42:
        3:   43:static Value* prim_cons(VM* vm, int nargs, Value** args) {
        -:   44:    (void)vm;
       3*:   45:    if (nargs != 2) { fprintf(stderr, "cons expects 2 args\n"); exit(1); }
        3:   46:    return make_pair(args[0], args[1]);
        -:   47:}
        -:   48:
        1:   49:static Value* prim_car(VM* vm, int nargs, Value** args) {
        -:   50:    (void)vm;
       1*:   51:    if (nargs != 1 || !is_pair(args[0])) { fprintf(stderr, "car expects a pair\n"); exit(1); }
        1:   52:    return args[0]->as.pair.car;
        -:   53:}
        -:   54:
        1:   55:static Value* prim_cdr(VM* vm, int nargs, Value** args) {
        -:   56:    (void)vm;
       1*:   57:    if (nargs != 1 || !is_pair(args[0])) { fprintf(stderr, "cdr expects a pair\n"); exit(1); }
        1:   58:    return args[0]->as.pair.cdr;
        -:   59:}
        -:   60:
        1:   61:static Value* prim_list(VM* vm, int nargs, Value** args) {
        -:   62:    (void)vm;
        1:   63:    Value* res = make_nil();
        4:   64:    for (int i = nargs - 1; i >= 0; i--) res = make_pair(args[i], res);
        1:   65:    return res;
        -:   66:}
        -:   67:
        1:   68:static Value* prim_pair_p(VM* vm, int nargs, Value** args) {
        -:   69:    (void)vm;
       1*:   70:    return make_boolean(nargs == 1 && is_pair(args[0]));
        -:   71:}
        -:   72:
    #####:   73:static Value* prim_symbol_p(VM* vm, int nargs, Value** args) {
        -:   74:    (void)vm;
    #####:   75:    return make_boolean(nargs == 1 && is_symbol(args[0]));
        -:   76:}
        -:   77:
    #####:   78:static Value* prim_number_p(VM* vm, int nargs, Value** args) {
        -:   79:    (void)vm;
    #####:   80:    return make_boolean(nargs == 1 && is_fixnum(args[0]));
        -:   81:}
        -:   82:
    #####:   83:static Value* prim_boolean_p(VM* vm, int nargs, Value** args) {
        -:   84:    (void)vm;
    #####:   85:    return make_boolean(nargs == 1 && is_boolean(args[0]));
        -:   86:}
        -:   87:
        1:   88:static Value* prim_null_p(VM* vm, int nargs, Value** args) {
        -:   89:    (void)vm;
       1*:   90:    return make_boolean(nargs == 1 && is_nil(args[0]));
        -:   91:}
        -:   92:
        1:   93:static Value* prim_make_string(VM* vm, int nargs, Value** args) {
        -:   94:    (void)vm;
       1*:   95:    if (nargs < 1 || nargs > 2 || !is_fixnum(args[0])) { fprintf(stderr, "make-string expects a length and optional char\n"); exit(1); }
        1:   96:    int len = args[0]->as.fixnum;
       1*:   97:    char c = (nargs == 2 && is_char(args[1])) ? args[1]->as.character : ' ';
        1:   98:    char* buf = malloc(len + 1);
        1:   99:    memset(buf, c, len);
        1:  100:    buf[len] = '\0';
        1:  101:    Value* str = make_string(buf);
        1:  102:    free(buf);
        1:  103:    return str;
        -:  104:}
        -:  105:
        1:  106:static Value* prim_string_ref(VM* vm, int nargs, Value** args) {
        -:  107:    (void)vm;
       1*:  108:    if (nargs != 2 || !is_string(args[0]) || !is_fixnum(args[1])) { fprintf(stderr, "string-ref expects a string and an index\n"); exit(1); }
        1:  109:    int idx = args[1]->as.fixnum;
       1*:  110:    if (idx < 0 || idx >= args[0]->as.string.len) { fprintf(stderr, "string-ref index out of bounds\n"); exit(1); }
        1:  111:    return make_char(args[0]->as.string.str[idx]);
        -:  112:}
        -:  113:
        1:  114:static Value* prim_string_set(VM* vm, int nargs, Value** args) {
        -:  115:    (void)vm;
       1*:  116:    if (nargs != 3 || !is_string(args[0]) || !is_fixnum(args[1]) || !is_char(args[2])) { fprintf(stderr, "string-set! expects a string, index, and char\n"); exit(1); }
        1:  117:    int idx = args[1]->as.fixnum;
       1*:  118:    if (idx < 0 || idx >= args[0]->as.string.len) { fprintf(stderr, "string-set! index out of bounds\n"); exit(1); }
        1:  119:    args[0]->as.string.str[idx] = args[2]->as.character;
        1:  120:    return make_nil(); // R5RS says return value is unspecified
        -:  121:}
        -:  122:
        1:  123:static Value* prim_make_vector(VM* vm, int nargs, Value** args) {
        -:  124:    (void)vm;
       1*:  125:    if (nargs < 1 || nargs > 2 || !is_fixnum(args[0])) { fprintf(stderr, "make-vector expects a length and optional fill\n"); exit(1); }
        1:  126:    int len = args[0]->as.fixnum;
       1*:  127:    Value* fill = (nargs == 2) ? args[1] : make_nil(); // Unspecified in R5RS, using nil
        1:  128:    return make_vector(len, fill);
        -:  129:}
        -:  130:
        2:  131:static Value* prim_vector_ref(VM* vm, int nargs, Value** args) {
        -:  132:    (void)vm;
       2*:  133:    if (nargs != 2 || !is_vector(args[0]) || !is_fixnum(args[1])) { fprintf(stderr, "vector-ref expects a vector and an index\n"); exit(1); }
        2:  134:    int idx = args[1]->as.fixnum;
       2*:  135:    if (idx < 0 || idx >= args[0]->as.vector.len) { fprintf(stderr, "vector-ref index out of bounds\n"); exit(1); }
        2:  136:    return args[0]->as.vector.elements[idx];
        -:  137:}
        -:  138:
        1:  139:static Value* prim_vector_set(VM* vm, int nargs, Value** args) {
        -:  140:    (void)vm;
       1*:  141:    if (nargs != 3 || !is_vector(args[0]) || !is_fixnum(args[1])) { fprintf(stderr, "vector-set! expects a vector, index, and value\n"); exit(1); }
        1:  142:    int idx = args[1]->as.fixnum;
       1*:  143:    if (idx < 0 || idx >= args[0]->as.vector.len) { fprintf(stderr, "vector-set! index out of bounds\n"); exit(1); }
        1:  144:    args[0]->as.vector.elements[idx] = args[2];
        1:  145:    return make_nil();
        -:  146:}
        -:  147:
    #####:  148:static Value* prim_char_p(VM* vm, int nargs, Value** args) {
        -:  149:    (void)vm;
    #####:  150:    return make_boolean(nargs == 1 && is_char(args[0]));
        -:  151:}
        -:  152:
    #####:  153:static Value* prim_string_p(VM* vm, int nargs, Value** args) {
        -:  154:    (void)vm;
    #####:  155:    return make_boolean(nargs == 1 && is_string(args[0]));
        -:  156:}
        -:  157:
    #####:  158:static Value* prim_vector_p(VM* vm, int nargs, Value** args) {
        -:  159:    (void)vm;
    #####:  160:    return make_boolean(nargs == 1 && is_vector(args[0]));
        -:  161:}
        -:  162:
        6:  163:void vm_register_primitives(VM* vm) {
        6:  164:    set_global(vm, make_symbol("+"), make_primitive(prim_add));
        6:  165:    set_global(vm, make_symbol("-"), make_primitive(prim_sub));
        6:  166:    set_global(vm, make_symbol("*"), make_primitive(prim_mul));
        6:  167:    set_global(vm, make_symbol("="), make_primitive(prim_num_eq));
        6:  168:    set_global(vm, make_symbol("zero?"), make_primitive(prim_zero_p));
        6:  169:    set_global(vm, make_symbol("cons"), make_primitive(prim_cons));
        6:  170:    set_global(vm, make_symbol("car"), make_primitive(prim_car));
        6:  171:    set_global(vm, make_symbol("cdr"), make_primitive(prim_cdr));
        6:  172:    set_global(vm, make_symbol("list"), make_primitive(prim_list));
        6:  173:    set_global(vm, make_symbol("pair?"), make_primitive(prim_pair_p));
        6:  174:    set_global(vm, make_symbol("symbol?"), make_primitive(prim_symbol_p));
        6:  175:    set_global(vm, make_symbol("number?"), make_primitive(prim_number_p));
        6:  176:    set_global(vm, make_symbol("boolean?"), make_primitive(prim_boolean_p));
        6:  177:    set_global(vm, make_symbol("null?"), make_primitive(prim_null_p));
        -:  178:    
        6:  179:    set_global(vm, make_symbol("make-string"), make_primitive(prim_make_string));
        6:  180:    set_global(vm, make_symbol("string-ref"), make_primitive(prim_string_ref));
        6:  181:    set_global(vm, make_symbol("string-set!"), make_primitive(prim_string_set));
        6:  182:    set_global(vm, make_symbol("make-vector"), make_primitive(prim_make_vector));
        6:  183:    set_global(vm, make_symbol("vector-ref"), make_primitive(prim_vector_ref));
        6:  184:    set_global(vm, make_symbol("vector-set!"), make_primitive(prim_vector_set));
        6:  185:    set_global(vm, make_symbol("char?"), make_primitive(prim_char_p));
        6:  186:    set_global(vm, make_symbol("string?"), make_primitive(prim_string_p));
        6:  187:    set_global(vm, make_symbol("vector?"), make_primitive(prim_vector_p));
        6:  188:}
