        -:    0:Source:src/reader.c
        -:    1:#include <reader.h>
        -:    2:#include <ctype.h>
        -:    3:#include <stdlib.h>
        -:    4:#include <string.h>
        -:    5:#include <stdio.h>
        -:    6:
      545:    7:static void skip_whitespace(const char** input) {
      644:    8:    while (**input && (isspace(**input) || **input == ';')) {
       99:    9:        if (**input == ';') {
    #####:   10:            while (**input && **input != '\n') (*input)++;
        -:   11:        } else {
       99:   12:            (*input)++;
        -:   13:        }
        -:   14:    }
      545:   15:}
        -:   16:
      200:   17:static Value* read_list(const char** input) {
      200:   18:    skip_whitespace(input);
      200:   19:    if (**input == ')') {
       54:   20:        (*input)++;
       54:   21:        return make_nil();
        -:   22:    }
        -:   23:    
      146:   24:    Value* car = read_sexpr_str(input);
        -:   25:    
      146:   26:    skip_whitespace(input);
      146:   27:    if (**input == '.') {
        -:   28:        // Check if it's a dotted pair or just a symbol starting with '.'
        1:   29:        const char* next = (*input) + 1;
       1*:   30:        if (isspace(*next) || *next == '(' || *next == ')' || *next == ';' || *next == '\0') {
        1:   31:            (*input)++;
        1:   32:            Value* cdr = read_sexpr_str(input);
        1:   33:            skip_whitespace(input);
        1:   34:            if (**input == ')') {
        1:   35:                (*input)++;
        -:   36:            }
        1:   37:            return make_pair(car, cdr);
        -:   38:        }
        -:   39:    }
        -:   40:    
      145:   41:    Value* cdr = read_list(input);
      145:   42:    return make_pair(car, cdr);
        -:   43:}
        -:   44:
      198:   45:Value* read_sexpr_str(const char** input) {
      198:   46:    skip_whitespace(input);
     198*:   47:    if (!**input) return NULL;
        -:   48:
      198:   49:    char c = **input;
      198:   50:    if (c == '(') {
       53:   51:        (*input)++;
       53:   52:        return read_list(input);
        -:   53:    }
        -:   54:    
      145:   55:    if (c == '\'') {
        2:   56:        (*input)++;
        2:   57:        Value* quoted = read_sexpr_str(input);
        2:   58:        return make_pair(make_symbol("quote"), make_pair(quoted, make_nil()));
        -:   59:    }
        -:   60:
      143:   61:    if (c == '"') {
        2:   62:        (*input)++;
        2:   63:        int cap = 32;
        2:   64:        int len = 0;
        2:   65:        char* buf = malloc(cap);
       19:   66:        while (**input && **input != '"') {
       17:   67:            if (**input == '\\') {
        1:   68:                (*input)++;
        1:   69:                if (**input == 'n') { buf[len++] = '\n'; (*input)++; }
    #####:   70:                else if (**input == '\\') { buf[len++] = '\\'; (*input)++; }
    #####:   71:                else if (**input == '"') { buf[len++] = '"'; (*input)++; }
    #####:   72:                else { buf[len++] = **input; (*input)++; }
        -:   73:            } else {
       16:   74:                buf[len++] = **input;
       16:   75:                (*input)++;
        -:   76:            }
       17:   77:            if (len == cap) {
    #####:   78:                cap *= 2;
    #####:   79:                buf = realloc(buf, cap);
        -:   80:            }
        -:   81:        }
        2:   82:        if (**input == '"') (*input)++;
        2:   83:        buf[len] = '\0';
        2:   84:        Value* str = make_string(buf);
        2:   85:        free(buf);
        2:   86:        return str;
        -:   87:    }
        -:   88:
      141:   89:    if (c == '#') {
       13:   90:        (*input)++;
       13:   91:        char next = **input;
       13:   92:        if (next == 't') {
        4:   93:            (*input)++;
        4:   94:            return make_boolean(true);
        9:   95:        } else if (next == 'f') {
        2:   96:            (*input)++;
        2:   97:            return make_boolean(false);
        7:   98:        } else if (next == '\\') { // Character
        5:   99:            (*input)++;
        5:  100:            const char* start = *input;
        5:  101:            int len = 0;
       20:  102:            while (**input && !isspace(**input) && **input != '(' && **input != ')' && **input != ';') {
       15:  103:                (*input)++;
       15:  104:                len++;
        -:  105:            }
        5:  106:            if (len == 1) {
        3:  107:                return make_char(start[0]);
        2:  108:            } else if (len == 5 && strncmp(start, "space", 5) == 0) {
        1:  109:                return make_char(' ');
        1:  110:            } else if (len == 7 && strncmp(start, "newline", 7) == 0) {
        1:  111:                return make_char('\n');
        -:  112:            }
    #####:  113:            return NULL; // Invalid char
        2:  114:        } else if (next == '(') { // Vector
        2:  115:            (*input)++;
        2:  116:            Value* lst = read_list(input);
        2:  117:            int count = 0;
        2:  118:            Value* p = lst;
        8:  119:            while (is_pair(p)) {
        6:  120:                count++;
        6:  121:                p = p->as.pair.cdr;
        -:  122:            }
        2:  123:            Value* vec = make_vector(count, make_nil());
        2:  124:            p = lst;
        8:  125:            for (int i = 0; i < count; i++) {
        6:  126:                vec->as.vector.elements[i] = p->as.pair.car;
        6:  127:                p = p->as.pair.cdr;
        -:  128:            }
        2:  129:            return vec;
        -:  130:        }
    #####:  131:        return NULL; // Error
        -:  132:    }
        -:  133:
        -:  134:    // Number or Symbol
      128:  135:    const char* start = *input;
      128:  136:    int len = 0;
      473:  137:    while (**input && !isspace(**input) && **input != '(' && **input != ')' && **input != ';' && **input != '"') {
      345:  138:        (*input)++;
      345:  139:        len++;
        -:  140:    }
        -:  141:
      128:  142:    char* atom = malloc(len + 1);
      128:  143:    strncpy(atom, start, len);
      128:  144:    atom[len] = '\0';
        -:  145:
        -:  146:    char* endptr;
      128:  147:    long n = strtol(atom, &endptr, 10);
      128:  148:    if (*endptr == '\0') {
       56:  149:        free(atom);
       56:  150:        return make_fixnum(n);
        -:  151:    }
        -:  152:
       72:  153:    Value* sym = make_symbol(atom);
       72:  154:    free(atom);
       72:  155:    return sym;
        -:  156:}
