        -:    0:Source:src/values.c
        -:    1:#define _POSIX_C_SOURCE 200809L
        -:    2:#include <scheme.h>
        -:    3:#include <stdlib.h>
        -:    4:#include <string.h>
        -:    5:#include <stdio.h>
        -:    6:
     1062:    7:Value* make_fixnum(long n) {
     1062:    8:    Value* v = gc_alloc(VAL_FIXNUM);
     1062:    9:    if (v) v->as.fixnum = n;
     1062:   10:    return v;
        -:   11:}
        -:   12:
     1014:   13:Value* make_boolean(bool b) {
     1014:   14:    Value* v = gc_alloc(VAL_BOOLEAN);
     1014:   15:    if (v) v->as.boolean = b;
     1014:   16:    return v;
        -:   17:}
        -:   18:
        6:   19:Value* make_char(char c) {
        6:   20:    Value* v = gc_alloc(VAL_CHAR);
        6:   21:    if (v) v->as.character = c;
        6:   22:    return v;
        -:   23:}
        -:   24:
        3:   25:Value* make_string(const char* s) {
        3:   26:    Value* v = gc_alloc(VAL_STRING);
        3:   27:    if (v) {
        3:   28:        v->as.string.len = strlen(s);
        3:   29:        v->as.string.str = strdup(s);
        -:   30:    }
        3:   31:    return v;
        -:   32:}
        -:   33:
        3:   34:Value* make_vector(int len, Value* fill) {
        3:   35:    Value* v = gc_alloc(VAL_VECTOR);
        3:   36:    if (v) {
        3:   37:        v->as.vector.len = len;
        3:   38:        v->as.vector.elements = malloc(sizeof(Value*) * len);
       12:   39:        for (int i = 0; i < len; i++) {
        9:   40:            v->as.vector.elements[i] = fill;
        -:   41:        }
        -:   42:    }
        3:   43:    return v;
        -:   44:}
        -:   45:
     3163:   46:Value* make_nil(void) {
     3163:   47:    return gc_alloc(VAL_NIL);
        -:   48:}
        -:   49:
        -:   50:static Value* symbol_registry = NULL;
        -:   51:
      215:   52:Value* make_symbol(const char* name) {
      215:   53:    if (!symbol_registry) gc_add_root(&symbol_registry);
      215:   54:    Value* current = symbol_registry;
     3377:   55:    while (current) {
     3330:   56:        Value* sym = current->as.pair.car;
     3330:   57:        if (strcmp(sym->as.symbol, name) == 0) return sym;
     3162:   58:        current = current->as.pair.cdr;
        -:   59:    }
       47:   60:    Value* v = gc_alloc(VAL_SYMBOL);
       47:   61:    if (v) {
       47:   62:        v->as.symbol = strdup(name);
       47:   63:        Value* link = gc_alloc(VAL_PAIR);
       47:   64:        if (link) {
       47:   65:            link->as.pair.car = v;
       47:   66:            link->as.pair.cdr = symbol_registry;
       47:   67:            symbol_registry = link;
        -:   68:        }
        -:   69:    }
       47:   70:    return v;
        -:   71:}
        -:   72:
     5497:   73:Value* make_pair(Value* car, Value* cdr) {
     5497:   74:    Value* v = gc_alloc(VAL_PAIR);
     5497:   75:    if (v) {
     5497:   76:        v->as.pair.car = car;
     5497:   77:        v->as.pair.cdr = cdr;
        -:   78:    }
     5497:   79:    return v;
        -:   80:}
        -:   81:
       43:   82:Value* make_proto(unsigned char* code, int code_len, Value** constants, int num_constants, int num_args) {
       43:   83:    Value* v = gc_alloc(VAL_PROTOTYPE);
       43:   84:    if (v) {
       43:   85:        v->as.proto.code = code;
       43:   86:        v->as.proto.code_len = code_len;
       43:   87:        v->as.proto.constants = constants;
       43:   88:        v->as.proto.num_constants = num_constants;
       43:   89:        v->as.proto.num_args = num_args;
        -:   90:    }
       43:   91:    return v;
        -:   92:}
        -:   93:
        5:   94:Value* make_closure(Value* proto, Value* env) {
        5:   95:    Value* v = gc_alloc(VAL_CLOSURE);
        5:   96:    if (v) {
        5:   97:        v->as.closure.proto = proto;
        5:   98:        v->as.closure.env = env;
        -:   99:    }
        5:  100:    return v;
        -:  101:}
        -:  102:
      139:  103:Value* make_primitive(Value* (*primitive)(struct VM* vm, int nargs, Value** args)) {
      139:  104:    Value* v = gc_alloc(VAL_PRIMITIVE);
      139:  105:    if (v) v->as.primitive = primitive;
      139:  106:    return v;
        -:  107:}
        -:  108:
        2:  109:Value* make_continuation(Value** stack, int sp, Value* env, Value* proto, unsigned char* pc) {
        2:  110:    Value* v = gc_alloc(VAL_CONTINUATION);
        2:  111:    if (v) {
        2:  112:        v->as.cont.stack = malloc(sizeof(Value*) * sp);
        2:  113:        memcpy(v->as.cont.stack, stack, sizeof(Value*) * sp);
        2:  114:        v->as.cont.sp = sp;
        2:  115:        v->as.cont.env = env;
        2:  116:        v->as.cont.proto = proto;
        2:  117:        v->as.cont.pc = pc;
        -:  118:    }
        2:  119:    return v;
        -:  120:}
        -:  121:
        4:  122:Value* make_raw(void* p) {
        4:  123:    Value* v = gc_alloc(VAL_RAW);
        4:  124:    if (v) v->as.raw = p;
        4:  125:    return v;
        -:  126:}
        -:  127:
    #####:  128:void print_value(Value* v) {
    #####:  129:    if (!v) { printf("NULL"); return; }
    #####:  130:    switch (v->type) {
    #####:  131:        case VAL_FIXNUM: printf("%ld", v->as.fixnum); break;
    #####:  132:        case VAL_BOOLEAN: printf(v->as.boolean ? "#t" : "#f"); break;
    #####:  133:        case VAL_CHAR:
    #####:  134:            if (v->as.character == '\n') printf("#\\newline");
    #####:  135:            else if (v->as.character == ' ') printf("#\\space");
    #####:  136:            else printf("#\\%c", v->as.character);
    #####:  137:            break;
    #####:  138:        case VAL_STRING:
    #####:  139:            printf("\"%s\"", v->as.string.str);
    #####:  140:            break;
    #####:  141:        case VAL_VECTOR:
    #####:  142:            printf("#(");
    #####:  143:            for (int i = 0; i < v->as.vector.len; i++) {
    #####:  144:                print_value(v->as.vector.elements[i]);
    #####:  145:                if (i < v->as.vector.len - 1) printf(" ");
        -:  146:            }
    #####:  147:            printf(")");
    #####:  148:            break;
    #####:  149:        case VAL_NIL: printf("()"); break;
    #####:  150:        case VAL_SYMBOL: printf("%s", v->as.symbol); break;
    #####:  151:        case VAL_PAIR:
    #####:  152:            printf("(");
    #####:  153:            while (is_pair(v)) {
    #####:  154:                print_value(v->as.pair.car);
    #####:  155:                v = v->as.pair.cdr;
    #####:  156:                if (is_pair(v)) printf(" ");
        -:  157:            }
    #####:  158:            if (!is_nil(v)) {
    #####:  159:                printf(" . ");
    #####:  160:                print_value(v);
        -:  161:            }
    #####:  162:            printf(")");
    #####:  163:            break;
    #####:  164:        case VAL_CLOSURE: printf("#<closure>"); break;
    #####:  165:        case VAL_PROTOTYPE: printf("#<prototype>"); break;
    #####:  166:        case VAL_PRIMITIVE: printf("#<primitive>"); break;
    #####:  167:        case VAL_CONTINUATION: printf("#<continuation>"); break;
    #####:  168:        case VAL_RAW: printf("#<raw %p>", v->as.raw); break;
        -:  169:    }
        -:  170:}
        -:  171:
      144:  172:bool is_fixnum(Value* v) { return v && v->type == VAL_FIXNUM; }
     1097:  173:bool is_boolean(Value* v) { return v && v->type == VAL_BOOLEAN; }
       92:  174:bool is_char(Value* v) { return v && v->type == VAL_CHAR; }
       88:  175:bool is_string(Value* v) { return v && v->type == VAL_STRING; }
       88:  176:bool is_vector(Value* v) { return v && v->type == VAL_VECTOR; }
       89:  177:bool is_nil(Value* v) { return v && v->type == VAL_NIL; }
      131:  178:bool is_symbol(Value* v) { return v && v->type == VAL_SYMBOL; }
    46221:  179:bool is_pair(Value* v) { return v && v->type == VAL_PAIR; }
     1006:  180:bool is_closure(Value* v) { return v && v->type == VAL_CLOSURE; }
       3*:  181:bool is_proto(Value* v) { return v && v->type == VAL_PROTOTYPE; }
     3025:  182:bool is_primitive(Value* v) { return v && v->type == VAL_PRIMITIVE; }
       2*:  183:bool is_continuation(Value* v) { return v && v->type == VAL_CONTINUATION; }
