        -:    0:Source:src/vm.c
        -:    1:#include <vm.h>
        -:    2:#include <stdlib.h>
        -:    3:#include <stdio.h>
        -:    4:#include <string.h>
        -:    5:
        6:    6:void vm_init(VM* vm) {
        6:    7:    vm->stack_cap = 1024;
        6:    8:    vm->stack = malloc(sizeof(Value*) * vm->stack_cap);
        6:    9:    vm->sp = 0;
        6:   10:    vm->globals = make_nil();
        6:   11:    gc_add_root(&vm->globals);
        6:   12:}
        -:   13:
     8042:   14:static void push(VM* vm, Value* v) {
     8042:   15:    if (vm->sp == vm->stack_cap) {
    #####:   16:        vm->stack_cap *= 2;
    #####:   17:        vm->stack = realloc(vm->stack, sizeof(Value*) * vm->stack_cap);
        -:   18:    }
     8042:   19:    vm->stack[vm->sp++] = v;
     8042:   20:}
        -:   21:
     8042:   22:static Value* pop(VM* vm) {
     8042:   23:    if (vm->sp == 0) {
    #####:   24:        fprintf(stderr, "Stack underflow\n");
    #####:   25:        exit(1);
        -:   26:    }
     8042:   27:    return vm->stack[--vm->sp];
        -:   28:}
        -:   29:
     3007:   30:Value* lookup_global(VM* vm, Value* sym) {
     3007:   31:    Value* current = vm->globals;
     8012:   32:    while (is_pair(current)) {
     8012:   33:        Value* entry = current->as.pair.car;
     8012:   34:        if (entry->as.pair.car == sym) {
     3007:   35:            return entry->as.pair.cdr;
        -:   36:        }
     5005:   37:        current = current->as.pair.cdr;
        -:   38:    }
    #####:   39:    return NULL;
        -:   40:}
        -:   41:
       13:   42:void set_global(VM* vm, Value* sym, Value* val) {
       13:   43:    Value* current = vm->globals;
       38:   44:    while (is_pair(current)) {
       25:   45:        Value* entry = current->as.pair.car;
       25:   46:        if (entry->as.pair.car == sym) {
    #####:   47:            entry->as.pair.cdr = val;
    #####:   48:            return;
        -:   49:        }
       25:   50:        current = current->as.pair.cdr;
        -:   51:    }
       13:   52:    Value* entry = make_pair(sym, val);
       13:   53:    vm->globals = make_pair(entry, vm->globals);
        -:   54:}
        -:   55:
       12:   56:Value* vm_run(VM* vm, Value* top_proto) {
       12:   57:    unsigned char* pc = top_proto->as.proto.code;
       12:   58:    Value* env = make_nil();
        -:   59:
    10042:   60:    while (1) {
    10054:   61:        OpCode op = (OpCode)(*pc++);
        -:   62:        // printf("OP: %d, SP: %d\n", op, vm->sp);
    10054:   63:        switch (op) {
       12:   64:            case OP_HALT:
       12:   65:                return pop(vm);
     1016:   66:            case OP_CONST: {
     1016:   67:                int idx = (*pc << 8) | *(pc + 1);
     1016:   68:                pc += 2;
     1016:   69:                push(vm, top_proto->as.proto.constants[idx]);
     1016:   70:                break;
        -:   71:            }
     2002:   72:            case OP_LREF: {
     2002:   73:                int depth = *pc++;
     2002:   74:                int idx = (*pc << 8) | *(pc + 1);
     2002:   75:                pc += 2;
     2002:   76:                Value* e = env;
    2002*:   77:                for (int d = 0; d < depth; d++) e = e->as.pair.cdr;
     2002:   78:                Value* frame = e->as.pair.car;
    2002*:   79:                for (int i = 0; i < idx; i++) frame = frame->as.pair.cdr;
     2002:   80:                push(vm, frame->as.pair.car);
     2002:   81:                break;
        -:   82:            }
     3007:   83:            case OP_GREF: {
     3007:   84:                int idx = (*pc << 8) | *(pc + 1);
     3007:   85:                pc += 2;
     3007:   86:                Value* sym = top_proto->as.proto.constants[idx];
     3007:   87:                Value* val = lookup_global(vm, sym);
     3007:   88:                if (!val) {
    #####:   89:                    fprintf(stderr, "Undefined global: %s\n", sym->as.symbol);
    #####:   90:                    exit(1);
        -:   91:                }
     3007:   92:                push(vm, val);
     3007:   93:                break;
        -:   94:            }
        3:   95:            case OP_DEF: {
        3:   96:                int idx = (*pc << 8) | *(pc + 1);
        3:   97:                pc += 2;
        3:   98:                Value* sym = top_proto->as.proto.constants[idx];
        3:   99:                Value* val = pop(vm);
        3:  100:                set_global(vm, sym, val);
        3:  101:                push(vm, val);
        3:  102:                break;
        -:  103:            }
     1003:  104:            case OP_JF: {
     1003:  105:                int offset = (*pc << 8) | *(pc + 1);
     1003:  106:                pc += 2;
     1003:  107:                Value* cond = pop(vm);
        -:  108:                // In Scheme, only #f is false
     1003:  109:                if (is_boolean(cond) && !cond->as.boolean) {
     1001:  110:                    pc += offset;
        -:  111:                }
     1003:  112:                break;
        -:  113:            }
        1:  114:            case OP_JUMP: {
        1:  115:                int offset = (*pc << 8) | *(pc + 1);
        1:  116:                pc += 2;
        1:  117:                pc += offset;
        1:  118:                break;
        -:  119:            }
     3006:  120:            case OP_CALL:
        -:  121:            case OP_TCALL: {
     3006:  122:                int nargs = *pc++;
     3006:  123:                Value* proc = pop(vm);
        -:  124:                
        -:  125:                // POP ARGS FIRST
     3006:  126:                Value* frame = make_nil();
     7016:  127:                for (int i = 0; i < nargs; i++) {
     4010:  128:                    frame = make_pair(pop(vm), frame);
        -:  129:                }
        -:  130:
     3006:  131:                if (is_primitive(proc)) {
     2004:  132:                    Value** args = malloc(sizeof(Value*) * nargs);
     2004:  133:                    Value* p = frame;
     5012:  134:                    for (int i = 0; i < nargs; i++) {
     3008:  135:                        args[i] = p->as.pair.car;
     3008:  136:                        p = p->as.pair.cdr;
        -:  137:                    }
     2004:  138:                    Value* result = proc->as.primitive(nargs, args);
     2004:  139:                    free(args);
     2004:  140:                    if (op == OP_TCALL) {
    #####:  141:                        top_proto = pop(vm);
    #####:  142:                        env = pop(vm);
    #####:  143:                        pc = (unsigned char*)pop(vm);
        -:  144:                    }
     2004:  145:                    push(vm, result);
     1002:  146:                } else if (is_closure(proc)) {
     1002:  147:                    if (op == OP_CALL) {
        2:  148:                        push(vm, (Value*)pc);
        2:  149:                        push(vm, env);
        2:  150:                        push(vm, top_proto);
        -:  151:                    }
     1002:  152:                    env = make_pair(frame, proc->as.closure.env);
     1002:  153:                    top_proto = proc->as.closure.proto;
     1002:  154:                    pc = top_proto->as.proto.code;
        -:  155:                } else {
    #####:  156:                    fprintf(stderr, "Cannot call non-procedure\n");
    #####:  157:                    exit(1);
        -:  158:                }
     3006:  159:                break;
        -:  160:            }
        2:  161:            case OP_RET: {
        2:  162:                Value* result = pop(vm);
        2:  163:                top_proto = pop(vm);
        2:  164:                env = pop(vm);
        2:  165:                pc = (unsigned char*)pop(vm);
        2:  166:                push(vm, result);
        2:  167:                break;
        -:  168:            }
        2:  169:            case OP_CLOSURE: {
        2:  170:                int idx = (*pc << 8) | *(pc + 1);
        2:  171:                pc += 2;
        2:  172:                Value* sub_proto = top_proto->as.proto.constants[idx];
        2:  173:                push(vm, make_closure(sub_proto, env));
        2:  174:                break;
        -:  175:            }
    #####:  176:            case OP_POP: {
    #####:  177:                pop(vm);
    #####:  178:                break;
        -:  179:            }
    #####:  180:            default:
    #####:  181:                fprintf(stderr, "Unknown opcode: %d\n", op);
    #####:  182:                exit(1);
        -:  183:        }
        -:  184:    }
        -:  185:}
