        -:    0:Source:src/vm.c
        -:    1:#include <vm.h>
        -:    2:#include <stdlib.h>
        -:    3:#include <stdio.h>
        -:    4:#include <string.h>
        -:    5:
       10:    6:void vm_init(VM* vm) {
       10:    7:    vm->stack_cap = 1024;
       10:    8:    vm->stack = malloc(sizeof(Value*) * vm->stack_cap);
       10:    9:    vm->sp = 0;
       10:   10:    vm->globals = make_nil();
       10:   11:    gc_add_root(&vm->globals);
       10:   12:    vm->running = false;
       10:   13:}
        -:   14:
     8120:   15:static void push(VM* vm, Value* v) {
     8120:   16:    if (vm->sp == vm->stack_cap) {
    #####:   17:        vm->stack_cap *= 2;
    #####:   18:        vm->stack = realloc(vm->stack, sizeof(Value*) * vm->stack_cap);
        -:   19:    }
     8120:   20:    vm->stack[vm->sp++] = v;
     8120:   21:}
        -:   22:
     8117:   23:static Value* pop(VM* vm) {
     8117:   24:    if (vm->sp == 0) {
    #####:   25:        fprintf(stderr, "Stack underflow\n");
    #####:   26:        exit(1);
        -:   27:    }
     8117:   28:    return vm->stack[--vm->sp];
        -:   29:}
        -:   30:
     3029:   31:Value* lookup_global(VM* vm, Value* sym) {
     3029:   32:    Value* current = vm->globals;
    44270:   33:    while (is_pair(current)) {
    44270:   34:        Value* entry = current->as.pair.car;
    44270:   35:        if (entry->as.pair.car == sym) return entry->as.pair.cdr;
    41241:   36:        current = current->as.pair.cdr;
        -:   37:    }
    #####:   38:    return NULL;
        -:   39:}
        -:   40:
      144:   41:void set_global(VM* vm, Value* sym, Value* val) {
      144:   42:    Value* current = vm->globals;
     1755:   43:    while (is_pair(current)) {
     1611:   44:        Value* entry = current->as.pair.car;
     1611:   45:        if (entry->as.pair.car == sym) {
    #####:   46:            entry->as.pair.cdr = val;
    #####:   47:            return;
        -:   48:        }
     1611:   49:        current = current->as.pair.cdr;
        -:   50:    }
      144:   51:    Value* entry = make_pair(sym, val);
      144:   52:    vm->globals = make_pair(entry, vm->globals);
        -:   53:}
        -:   54:
       30:   55:Value* vm_run(VM* vm, Value* top_proto) {
       30:   56:    vm->pc = top_proto->as.proto.code;
       30:   57:    vm->env = make_nil();
       30:   58:    vm->top_proto = top_proto;
       30:   59:    vm->running = true;
        -:   60:
    10146:   61:    while (vm->running) {
    10146:   62:        OpCode op = (OpCode)(*vm->pc++);
    10146:   63:        switch (op) {
       30:   64:            case OP_HALT:
       30:   65:                vm->running = false;
       30:   66:                return pop(vm);
     1042:   67:            case OP_CONST: {
     1042:   68:                int idx = (vm->pc[0] << 8) | vm->pc[1];
     1042:   69:                vm->pc += 2;
     1042:   70:                push(vm, vm->top_proto->as.proto.constants[idx]);
     1042:   71:                break;
        -:   72:            }
     2003:   73:            case OP_LREF: {
     2003:   74:                int depth = *vm->pc++;
     2003:   75:                int idx = (vm->pc[0] << 8) | vm->pc[1];
     2003:   76:                vm->pc += 2;
     2003:   77:                Value* e = vm->env;
    2003*:   78:                for (int d = 0; d < depth; d++) e = e->as.pair.cdr;
     2003:   79:                Value* frame = e->as.pair.car;
    2003*:   80:                for (int i = 0; i < idx; i++) frame = frame->as.pair.cdr;
     2003:   81:                push(vm, frame->as.pair.car);
     2003:   82:                break;
        -:   83:            }
        1:   84:            case OP_LSET: {
        1:   85:                int depth = *vm->pc++;
        1:   86:                int idx = (vm->pc[0] << 8) | vm->pc[1];
        1:   87:                vm->pc += 2;
        1:   88:                Value* val = pop(vm);
        1:   89:                Value* e = vm->env;
       1*:   90:                for (int d = 0; d < depth; d++) e = e->as.pair.cdr;
        1:   91:                Value* frame = e->as.pair.car;
       1*:   92:                for (int i = 0; i < idx; i++) frame = frame->as.pair.cdr;
        1:   93:                frame->as.pair.car = val;
        -:   94:                // Scheme set! returns unspecified, but let's push NIL or result
        1:   95:                push(vm, val);
        1:   96:                break;
        -:   97:            }
     3029:   98:            case OP_GREF: {
     3029:   99:                int idx = (vm->pc[0] << 8) | vm->pc[1];
     3029:  100:                vm->pc += 2;
     3029:  101:                Value* sym = vm->top_proto->as.proto.constants[idx];
     3029:  102:                Value* val = lookup_global(vm, sym);
     3029:  103:                if (!val) {
    #####:  104:                    fprintf(stderr, "Undefined global: %s\n", sym->as.symbol);
    #####:  105:                    exit(1);
        -:  106:                }
     3029:  107:                push(vm, val);
     3029:  108:                break;
        -:  109:            }
    #####:  110:            case OP_GSET: {
    #####:  111:                int idx = (vm->pc[0] << 8) | vm->pc[1];
    #####:  112:                vm->pc += 2;
    #####:  113:                Value* sym = vm->top_proto->as.proto.constants[idx];
    #####:  114:                Value* val = pop(vm);
    #####:  115:                set_global(vm, sym, val);
    #####:  116:                push(vm, val);
    #####:  117:                break;
        -:  118:            }
        6:  119:            case OP_DEF: {
        6:  120:                int idx = (vm->pc[0] << 8) | vm->pc[1];
        6:  121:                vm->pc += 2;
        6:  122:                Value* sym = vm->top_proto->as.proto.constants[idx];
        6:  123:                Value* val = pop(vm);
        6:  124:                set_global(vm, sym, val);
        6:  125:                push(vm, val);
        6:  126:                break;
        -:  127:            }
     1003:  128:            case OP_JF: {
     1003:  129:                int offset = (vm->pc[0] << 8) | vm->pc[1];
     1003:  130:                vm->pc += 2;
     1003:  131:                Value* cond = pop(vm);
     1003:  132:                if (is_boolean(cond) && !cond->as.boolean) {
     1001:  133:                    vm->pc += offset;
        -:  134:                }
     1003:  135:                break;
        -:  136:            }
        1:  137:            case OP_JUMP: {
        1:  138:                int offset = (vm->pc[0] << 8) | vm->pc[1];
        1:  139:                vm->pc += 2;
        1:  140:                vm->pc += offset;
        1:  141:                break;
        -:  142:            }
        1:  143:            case OP_CALLCC: {
        1:  144:                Value* proc = pop(vm);
        1:  145:                Value* cont = make_continuation(vm->stack, vm->sp, vm->env, vm->top_proto, vm->pc);
        -:  146:                
        1:  147:                Value* frame = make_pair(cont, make_nil());
        1:  148:                if (is_primitive(proc)) {
    #####:  149:                    Value* args[1] = {cont};
    #####:  150:                    Value* result = proc->as.primitive(vm, 1, args);
    #####:  151:                    push(vm, result);
        1:  152:                } else if (is_closure(proc)) {
        1:  153:                    push(vm, make_raw(vm->pc));
        1:  154:                    push(vm, vm->env);
        1:  155:                    push(vm, vm->top_proto);
        -:  156:                    
        1:  157:                    vm->env = make_pair(frame, proc->as.closure.env);
        1:  158:                    vm->top_proto = proc->as.closure.proto;
        1:  159:                    vm->pc = vm->top_proto->as.proto.code;
        -:  160:                } else {
    #####:  161:                    fprintf(stderr, "call/cc expects procedure\n");
    #####:  162:                    exit(1);
        -:  163:                }
        1:  164:                break;
        -:  165:            }
     3023:  166:            case OP_CALL:
        -:  167:            case OP_TCALL: {
     3023:  168:                int nargs = *vm->pc++;
     3023:  169:                Value* proc = pop(vm);
        -:  170:                
     3023:  171:                Value* frame = make_nil();
     7064:  172:                for (int i = 0; i < nargs; i++) frame = make_pair(pop(vm), frame);
        -:  173:
     3023:  174:                if (is_primitive(proc)) {
     2019:  175:                    Value** args = malloc(sizeof(Value*) * nargs);
     2019:  176:                    Value* p = frame;
     5056:  177:                    for (int i = 0; i < nargs; i++) {
     3037:  178:                        args[i] = p->as.pair.car;
     3037:  179:                        p = p->as.pair.cdr;
        -:  180:                    }
     2019:  181:                    Value* result = proc->as.primitive(vm, nargs, args);
     2019:  182:                    free(args);
     2019:  183:                    if (op == OP_TCALL) {
    #####:  184:                        vm->top_proto = pop(vm);
    #####:  185:                        vm->env = pop(vm);
    #####:  186:                        vm->pc = (unsigned char*)pop(vm)->as.raw;
        -:  187:                    }
     2019:  188:                    push(vm, result);
     1004:  189:                } else if (is_closure(proc)) {
     1003:  190:                    if (op == OP_CALL) {
        3:  191:                        push(vm, make_raw(vm->pc));
        3:  192:                        push(vm, vm->env);
        3:  193:                        push(vm, vm->top_proto);
        -:  194:                    }
     1003:  195:                    vm->env = make_pair(frame, proc->as.closure.env);
     1003:  196:                    vm->top_proto = proc->as.closure.proto;
     1003:  197:                    vm->pc = vm->top_proto->as.proto.code;
        1:  198:                } else if (is_continuation(proc)) {
        1:  199:                    if (nargs != 1) {
    #####:  200:                        fprintf(stderr, "Continuation expects 1 argument\n");
    #####:  201:                        exit(1);
        -:  202:                    }
        1:  203:                    Value* result = frame->as.pair.car;
        1:  204:                    vm->sp = proc->as.cont.sp;
        1:  205:                    memcpy(vm->stack, proc->as.cont.stack, sizeof(Value*) * vm->sp);
        1:  206:                    vm->env = proc->as.cont.env;
        1:  207:                    vm->top_proto = proc->as.cont.proto;
        1:  208:                    vm->pc = proc->as.cont.pc;
        1:  209:                    push(vm, result);
        -:  210:                } else {
    #####:  211:                    fprintf(stderr, "Cannot call non-procedure\n");
    #####:  212:                    exit(1);
        -:  213:                }
     3023:  214:                break;
        -:  215:            }
        3:  216:            case OP_RET: {
        3:  217:                Value* result = pop(vm);
        3:  218:                vm->top_proto = pop(vm);
        3:  219:                vm->env = pop(vm);
        3:  220:                vm->pc = (unsigned char*)pop(vm)->as.raw;
        3:  221:                push(vm, result);
        3:  222:                break;
        -:  223:            }
        4:  224:            case OP_CLOSURE: {
        4:  225:                int idx = (vm->pc[0] << 8) | vm->pc[1];
        4:  226:                vm->pc += 2;
        4:  227:                Value* sub_proto = vm->top_proto->as.proto.constants[idx];
        4:  228:                push(vm, make_closure(sub_proto, vm->env));
        4:  229:                break;
        -:  230:            }
    #####:  231:            case OP_POP: {
    #####:  232:                pop(vm);
    #####:  233:                break;
        -:  234:            }
    #####:  235:            default:
    #####:  236:                fprintf(stderr, "Unknown opcode: %d\n", op);
    #####:  237:                exit(1);
        -:  238:        }
        -:  239:    }
    #####:  240:    return NULL;
        -:  241:}
